#
# A fatal error has been detected by the Java Runtime Environment:
#
#  EXCEPTION_ACCESS_VIOLATION (0xc0000005) at pc=0x00007ffb7fe811e4, pid=10620, tid=17372
#
# JRE version: Java(TM) SE Runtime Environment (24.0.2+12) (build 24.0.2+12-54)
# Java VM: Java HotSpot(TM) 64-Bit Server VM (24.0.2+12-54, mixed mode, emulated-client, sharing, tiered, compressed oops, compressed class ptrs, g1 gc, windows-amd64)
# Problematic frame:
# V  [jvm.dll+0x3911e4]
#
# No core dump will be written. Minidumps are not enabled by default on client versions of Windows
#
# If you would like to submit a bug report, please visit:
#   https://bugreport.java.com/bugreport/crash.jsp
#

---------------  S U M M A R Y ------------

Command Line: -XX:TieredStopAtLevel=1 -Dspring.output.ansi.enabled=always -Dcom.sun.management.jmxremote -Dspring.jmx.enabled=true -Dspring.liveBeansView.mbeanDomain -Dspring.application.admin.enabled=true -Dmanagement.endpoints.jmx.exposure.include=* -javaagent:D:\IntelliJ IDEA 2025.2.1\lib\idea_rt.jar=55373 -Dfile.encoding=UTF-8 -Dsun.stdout.encoding=UTF-8 -Dsun.stderr.encoding=UTF-8 com.pedidos.fer.demo.PedidosApplication

Host: AMD Ryzen 7 5700X 8-Core Processor             , 16 cores, 15G,  Windows 11 , 64 bit Build 26100 (10.0.26100.7309)
Time: Mon Dec 29 09:08:26 2025 Pacific Standard Time elapsed time: 123476.920572 seconds (1d 10h 17m 56s)

---------------  T H R E A D  ---------------

Current thread (0x000001b88583f210):  WorkerThread "GC Thread#7"    [id=17372, stack(0x00000049b3e00000,0x00000049b3f00000) (1024K)]

Stack: [0x00000049b3e00000,0x00000049b3f00000],  sp=0x00000049b3eff1c0,  free space=1020k
Native frames: (J=compiled Java code, j=interpreted, Vv=VM code, C=native code)
V  [jvm.dll+0x3911e4]  (no source info available)
V  [jvm.dll+0x394278]  (no source info available)
V  [jvm.dll+0x39055e]  (no source info available)
V  [jvm.dll+0x39f859]  (no source info available)
V  [jvm.dll+0x39f615]  (no source info available)
V  [jvm.dll+0x39dcba]  (no source info available)
V  [jvm.dll+0x39f162]  (no source info available)
V  [jvm.dll+0x3aab23]  (no source info available)
V  [jvm.dll+0x3aae48]  (no source info available)
V  [jvm.dll+0x90c6d7]  (no source info available)
V  [jvm.dll+0x87d9eb]  (no source info available)
V  [jvm.dll+0x72ef45]  (no source info available)
C  [ucrtbase.dll+0x37b0]  (no source info available)
C  [KERNEL32.DLL+0x2e8d7]  (no source info available)
C  [ntdll.dll+0x8c53c]  (no source info available)


siginfo: EXCEPTION_ACCESS_VIOLATION (0xc0000005), reading address 0x00000ca2560f4463


Registers:
RAX=0x000000000000ff00, RBX=0x0000000702a2e700, RCX=0x000008fef263a939, RDX=0x0000000000003815
RSP=0x00000049b3eff1c0, RBP=0x00000049b3eff260, RSI=0x000001b82b082a00, RDI=0x000001b83f85a7d0
R8 =0x000001b82b0c72e5, R9 =0x746c757365527473, R10=0x000003a363ab9b2a, R11=0x00000049b3eff190
R12=0x0000000000000000, R13=0x000001b885713c20, R14=0x0000000000001b49, R15=0x0000000000000040
RIP=0x00007ffb7fe811e4, EFLAGS=0x0000000000010213

XMM[0]=0x0000003c00167e18 0x0000000000000009
XMM[1]=0x2e6e6f6974636173 0x6e6172742e6b726f
XMM[2]=0x0000000000000000 0x0000000000000000
XMM[3]=0x0000000000000000 0x40fe254a5cdd6b80
XMM[4]=0x0000000000000000 0x0000000000000000
XMM[5]=0x64656d69546e6f69 0x746361736e617254
XMM[6]=0x0000000000000000 0x0000000000000000
XMM[7]=0x0000000000000000 0x0000000000000000
XMM[8]=0x0000000000000000 0x0000000000000000
XMM[9]=0x0000000000000000 0x0000000000000000
XMM[10]=0x0000000000000000 0x0000000000000000
XMM[11]=0x0000000000000000 0x0000000000000000
XMM[12]=0x0000000000000000 0x0000000000000000
XMM[13]=0x0000000000000000 0x0000000000000000
XMM[14]=0x0000000000000000 0x0000000000000000
XMM[15]=0x0000000000000000 0x0000000000000000
  MXCSR=0x00001fa0


Register to memory mapping:

RAX=0x000000000000ff00 is an unknown value
RBX=0x0000000702a2e700 is pointing into object: [Ljava.util.concurrent.ConcurrentHashMap$Node; 
{0x0000000702a25788} - klass: 'java/util/concurrent/ConcurrentHashMap$Node'[] - flags: is_cloneable_fast 

 - length: 16384
RCX=0x000008fef263a939 is an unknown value
RDX=0x0000000000003815 is an unknown value
RSP=0x00000049b3eff1c0 points into unknown readable memory: 0x0000000000001b4a | 4a 1b 00 00 00 00 00 00
RBP=0x00000049b3eff260 points into unknown readable memory: 0x000001b82b05cbb0 | b0 cb 05 2b b8 01 00 00
RSI=0x000001b82b082a00 points into unknown readable memory: 0x0000000000000000 | 00 00 00 00 00 00 00 00
RDI=0x000001b83f85a7d0 points into unknown readable memory: 0x00007ffb80536158 | 58 61 53 80 fb 7f 00 00
R8 =0x000001b82b0c72e5 points into unknown readable memory: 00 00 00
R9 =0x746c757365527473 is an unknown value
R10=0x000003a363ab9b2a is an unknown value
R11=0x00000049b3eff190 points into unknown readable memory: 0x0000000000000040 | 40 00 00 00 00 00 00 00
R12=0x0 is null
R13=0x000001b885713c20 points into unknown readable memory: 0x676e697274530102 | 02 01 53 74 72 69 6e 67
R14=0x0000000000001b49 is an unknown value
R15=0x0000000000000040 is an unknown value

Top of Stack: (sp=0x00000049b3eff1c0)
0x00000049b3eff1c0:   0000000000001b4a 0000000703820e9c   J...............
0x00000049b3eff1d0:   000001b82b082a00 000001b800000000   .*.+............
0x00000049b3eff1e0:   0000000702a2e701 00007ffb7fe84278   ........xB......
0x00000049b3eff1f0:   000001b83f00ff00 00007ffb7fe8fe01   ...?............
0x00000049b3eff200:   00000049b3000001 000001b83f85a7d0   ....I......?....
0x00000049b3eff210:   00000049b3eff330 00007ffb7fe89317   0...I...........
0x00000049b3eff220:   00000049b3eff330 00007ffb7fe89317   0...I...........
0x00000049b3eff230:   0000000702a30000 00007ffb80218d2f   ......../.!.....
0x00000049b3eff240:   00000049b3eff2c0 00007ffb7fe8a2ad   ....I...........
0x00000049b3eff250:   0000000702a30000 00007ffb7fe8bf7b   ........{.......
0x00000049b3eff260:   000001b82b05cbb0 00000049b3eff4a0   ...+........I...
0x00000049b3eff270:   000000000000000c 0000000702a30000   ................
0x00000049b3eff280:   000000000000001b 000001b83f85a7d0   ...........?....
0x00000049b3eff290:   00000049b3eff4a0 00007ffb7fe8055e   ....I...^.......
0x00000049b3eff2a0:   0000000702a00000 0000000702a30000   ................
0x00000049b3eff2b0:   0000000702a2ca00 00000000000006c0   ................
0x00000049b3eff2c0:   0000011f7dd25b8f 0000000000000000   .[.}............
0x00000049b3eff2d0:   000000000000000c 00000049b3eff3a0   ............I...
0x00000049b3eff2e0:   000001b828bd5770 00007ffb7fe8f859   pW.(....Y.......
0x00000049b3eff2f0:   00000049b3eff4a0 000001b828bd5770   ....I...pW.(....
0x00000049b3eff300:   00000049b3eff4a0 0000000000000000   ....I...........
0x00000049b3eff310:   000001b885579210 00007ffb7fe92612   ..W......&......
0x00000049b3eff320:   0000000702a2ca00 00000000000006c0   ................
0x00000049b3eff330:   00007ffb80537180 0000000000000000   .qS.............
0x00000049b3eff340:   000001b82b07a2a0 000001b83f85a7d0   ...+.......?....
0x00000049b3eff350:   00000049b3eff4f0 00007ffb80218d2f   ....I.../.!.....
0x00000049b3eff360:   000001b83787c180 00007ffb7fe8f615   ...7............
0x00000049b3eff370:   000001b886b93460 00007ffb80218d2f   `4....../.!.....
0x00000049b3eff380:   0000000702a2ca00 000001b83787c180   ...........7....
0x00000049b3eff390:   000001b885849ae8 00007ffb7fe70902   ................
0x00000049b3eff3a0:   0000000702a2ca00 00000000000006c0   ................
0x00000049b3eff3b0:   00000049b3eff4f8 0000000000000010   ....I...........

Instructions: (pc=0x00007ffb7fe811e4)
  0x00007ffb7fe810e4:   20 57 48 83 ec 20 44 8b 12 48 8b f9 8b 0d 0a c4
  0x00007ffb7fe810f4:   8f 00 48 8b da 49 d3 e2 4c 03 15 f5 c3 8f 00 4c
  0x00007ffb7fe81104:   8b 47 08 49 8b c2 41 8b 88 00 06 00 00 48 d3 e8
  0x00007ffb7fe81114:   48 8d 14 40 49 03 90 f0 05 00 00 0f b7 02 66 89
  0x00007ffb7fe81124:   44 24 30 80 7c 24 31 00 0f b6 42 02 88 44 24 32
  0x00007ffb7fe81134:   0f 8c 3c 01 00 00 4d 8b 0a 41 0f b6 c1 24 07 3c
  0x00007ffb7fe81144:   03 72 14 41 0f b6 c1 c0 e8 02 a8 01 75 2f 4d 8b
  0x00007ffb7fe81154:   d1 49 83 e2 fc eb 26 0f b7 44 24 30 48 8d 54 24
  0x00007ffb7fe81164:   40 66 89 44 24 40 4d 8b c2 0f b6 44 24 32 48 8b
  0x00007ffb7fe81174:   cf 88 44 24 42 e8 92 1b 00 00 4c 8b d0 8b 0d 79
  0x00007ffb7fe81184:   c3 8f 00 49 8b c2 48 2b 05 67 c3 8f 00 48 d3 e8
  0x00007ffb7fe81194:   89 03 49 8b c2 8b 0d 61 5a 90 00 48 33 c3 48 d3
  0x00007ffb7fe811a4:   e8 48 85 c0 0f 84 c8 00 00 00 48 8b 47 08 48 8b
  0x00007ffb7fe811b4:   d3 8b 88 00 06 00 00 4c 8b 80 f0 05 00 00 48 d3
  0x00007ffb7fe811c4:   ea 49 8d 04 50 0f b7 04 02 66 89 44 24 30 80 7c
  0x00007ffb7fe811d4:   24 31 fe 0f 84 99 00 00 00 49 d3 ea 4b 8d 0c 50
=>0x00007ffb7fe811e4:   42 0f b7 04 11 66 89 44 24 38 80 7c 24 39 00 7c
  0x00007ffb7fe811f4:   46 48 8b 47 58 8b 0d 89 81 8f 00 48 d3 eb 48 03
  0x00007ffb7fe81204:   58 30 48 8b 50 28 48 2b da 48 39 9f b0 01 00 00
  0x00007ffb7fe81214:   74 60 48 03 d3 48 8d 4f 18 e8 4e 6f 00 00 48 ff
  0x00007ffb7fe81224:   87 78 02 00 00 48 89 9f b0 01 00 00 48 8b 5c 24
  0x00007ffb7fe81234:   48 48 83 c4 20 5f c3 42 80 3c 11 00 74 34 48 8b
  0x00007ffb7fe81244:   47 58 8b 0d 3c 81 8f 00 48 d3 eb 48 03 58 30 48
  0x00007ffb7fe81254:   8b 50 28 48 2b da 48 39 9f b0 01 00 00 74 13 48
  0x00007ffb7fe81264:   03 d3 48 8d 4f 18 e8 01 6f 00 00 48 89 9f b0 01
  0x00007ffb7fe81274:   00 00 48 8b 5c 24 48 48 83 c4 20 5f c3 cc cc cc
  0x00007ffb7fe81284:   cc cc cc cc cc cc cc cc cc cc cc cc 40 56 48 83
  0x00007ffb7fe81294:   ec 20 0f b6 42 01 49 8b f0 3c fd 75 44 48 8b 51
  0x00007ffb7fe812a4:   10 8b 8a 10 02 00 00 48 8b 82 08 02 00 00 48 d3
  0x00007ffb7fe812b4:   e0 8b 0d 45 59 90 00 4c 2b c8 49 d3 e9 41 8b c1
  0x00007ffb7fe812c4:   48 8d 0c 40 48 8b 82 e0 05 00 00 80 7c 01 01 fd
  0x00007ffb7fe812d4:   0f 85 13 01 00 00 c6 44 01 01 ff 48 83 c4 20 5e


Stack slot to memory mapping:

stack at sp + 0 slots: 0x0000000000001b4a is an unknown value
stack at sp + 1 slots: 0x0000000703820e9c is an unknown heap location
stack at sp + 2 slots: 0x000001b82b082a00 points into unknown readable memory: 0x0000000000000000 | 00 00 00 00 00 00 00 00
stack at sp + 3 slots: 0x000001b800000000 is an unknown value
stack at sp + 4 slots: 0x0000000702a2e701 is pointing into object: [Ljava.util.concurrent.ConcurrentHashMap$Node; 
{0x0000000702a25788} - klass: 'java/util/concurrent/ConcurrentHashMap$Node'[] - flags: is_cloneable_fast 

 - length: 16384
stack at sp + 5 slots: 0x00007ffb7fe84278 jvm.dll
stack at sp + 6 slots: 0x000001b83f00ff00 points into unknown readable memory: 0x0000000000000000 | 00 00 00 00 00 00 00 00
stack at sp + 7 slots: 0x00007ffb7fe8fe01 jvm.dll


---------------  P R O C E S S  ---------------

Threads class SMR info:
_java_thread_list=0x000001b83f844490, length=29, elements={
0x000001b83ed85bd0, 0x000001b83ed86e80, 0x000001b83ed88720, 0x000001b83ed890e0,
0x000001b83ed963b0, 0x000001b83f0d1e10, 0x000001b83f0d8960, 0x000001b83f0d2560,
0x000001b83f0d3400, 0x000001b83f0d00d0, 0x000001b83f0d2cb0, 0x000001b83f0d16c0,
0x000001b885ece650, 0x000001b885ecd7b0, 0x000001b885eceda0, 0x000001b885ecf4f0,
0x000001b885ed0390, 0x000001b885ecd060, 0x000001b885ed0ae0, 0x000001b885ed1230,
0x000001b885ecdf00, 0x000001b885ed4560, 0x000001b885ed3e10, 0x000001b885ed20d0,
0x000001b885ed2820, 0x000001b885ed1980, 0x000001b885ed36c0, 0x000001b885ed2f70,
0x000001b83f963660
}

Java Threads: ( => current thread )
  0x000001b83ed85bd0 JavaThread "Reference Handler"          daemon [_thread_blocked, id=18800, stack(0x00000049b2600000,0x00000049b2700000) (1024K)]
  0x000001b83ed86e80 JavaThread "Finalizer"                  daemon [_thread_blocked, id=27076, stack(0x00000049b2700000,0x00000049b2800000) (1024K)]
  0x000001b83ed88720 JavaThread "Signal Dispatcher"          daemon [_thread_blocked, id=12168, stack(0x00000049b2800000,0x00000049b2900000) (1024K)]
  0x000001b83ed890e0 JavaThread "Attach Listener"            daemon [_thread_blocked, id=28208, stack(0x00000049b2900000,0x00000049b2a00000) (1024K)]
  0x000001b83ed963b0 JavaThread "Service Thread"             daemon [_thread_blocked, id=21880, stack(0x00000049b2a00000,0x00000049b2b00000) (1024K)]
  0x000001b83f0d1e10 JavaThread "Monitor Deflation Thread"   daemon [_thread_blocked, id=6104, stack(0x00000049b2b00000,0x00000049b2c00000) (1024K)]
  0x000001b83f0d8960 JavaThread "C1 CompilerThread0"         daemon [_thread_blocked, id=23384, stack(0x00000049b2c00000,0x00000049b2d00000) (1024K)]
  0x000001b83f0d2560 JavaThread "Common-Cleaner"             daemon [_thread_blocked, id=28984, stack(0x00000049b3100000,0x00000049b3200000) (1024K)]
  0x000001b83f0d3400 JavaThread "Monitor Ctrl-Break"         daemon [_thread_in_native, id=11952, stack(0x00000049b3200000,0x00000049b3300000) (1024K)]
  0x000001b83f0d00d0 JavaThread "Notification Thread"        daemon [_thread_blocked, id=20196, stack(0x00000049b3300000,0x00000049b3400000) (1024K)]
  0x000001b83f0d2cb0 JavaThread "RMI TCP Accept-0"           daemon [_thread_in_native, id=18880, stack(0x00000049b3400000,0x00000049b3500000) (1024K)]
  0x000001b83f0d16c0 JavaThread "RMI Scheduler(0)"           daemon [_thread_blocked, id=17488, stack(0x00000049b4600000,0x00000049b4700000) (1024K)]
  0x000001b885ece650 JavaThread "Catalina-utility-1"                [_thread_blocked, id=25896, stack(0x00000049b4700000,0x00000049b4800000) (1024K)]
  0x000001b885ecd7b0 JavaThread "Catalina-utility-2"                [_thread_blocked, id=14332, stack(0x00000049b4800000,0x00000049b4900000) (1024K)]
  0x000001b885eceda0 JavaThread "container-0"                       [_thread_blocked, id=21668, stack(0x00000049b4900000,0x00000049b4a00000) (1024K)]
  0x000001b885ecf4f0 JavaThread "HikariPool-1:housekeeper"   daemon [_thread_blocked, id=7468, stack(0x00000049b4a00000,0x00000049b4b00000) (1024K)]
  0x000001b885ed0390 JavaThread "http-nio-8080-exec-1"       daemon [_thread_blocked, id=16756, stack(0x00000049b4c00000,0x00000049b4d00000) (1024K)]
  0x000001b885ecd060 JavaThread "http-nio-8080-exec-2"       daemon [_thread_blocked, id=29440, stack(0x00000049b4d00000,0x00000049b4e00000) (1024K)]
  0x000001b885ed0ae0 JavaThread "http-nio-8080-exec-3"       daemon [_thread_blocked, id=25156, stack(0x00000049b4e00000,0x00000049b4f00000) (1024K)]
  0x000001b885ed1230 JavaThread "http-nio-8080-exec-4"       daemon [_thread_blocked, id=4356, stack(0x00000049b4f00000,0x00000049b5000000) (1024K)]
  0x000001b885ecdf00 JavaThread "http-nio-8080-exec-5"       daemon [_thread_blocked, id=9548, stack(0x00000049b5000000,0x00000049b5100000) (1024K)]
  0x000001b885ed4560 JavaThread "http-nio-8080-exec-6"       daemon [_thread_blocked, id=11912, stack(0x00000049b5100000,0x00000049b5200000) (1024K)]
  0x000001b885ed3e10 JavaThread "http-nio-8080-exec-7"       daemon [_thread_blocked, id=14492, stack(0x00000049b5200000,0x00000049b5300000) (1024K)]
  0x000001b885ed20d0 JavaThread "http-nio-8080-exec-8"       daemon [_thread_blocked, id=26620, stack(0x00000049b5300000,0x00000049b5400000) (1024K)]
  0x000001b885ed2820 JavaThread "http-nio-8080-exec-9"       daemon [_thread_blocked, id=17632, stack(0x00000049b5400000,0x00000049b5500000) (1024K)]
  0x000001b885ed1980 JavaThread "http-nio-8080-exec-10"      daemon [_thread_blocked, id=27132, stack(0x00000049b5500000,0x00000049b5600000) (1024K)]
  0x000001b885ed36c0 JavaThread "http-nio-8080-Poller"       daemon [_thread_in_native, id=1684, stack(0x00000049b5600000,0x00000049b5700000) (1024K)]
  0x000001b885ed2f70 JavaThread "http-nio-8080-Acceptor"     daemon [_thread_in_native, id=22496, stack(0x00000049b5700000,0x00000049b5800000) (1024K)]
  0x000001b83f963660 JavaThread "DestroyJavaVM"                     [_thread_blocked, id=1756, stack(0x00000049b1e00000,0x00000049b1f00000) (1024K)]
Total: 29

Other Threads:
  0x000001b83ed75b70 VMThread "VM Thread"                           [id=26044, stack(0x00000049b2500000,0x00000049b2600000) (1024K)]
  0x000001b83ed695c0 WatcherThread "VM Periodic Task Thread"        [id=3472, stack(0x00000049b2400000,0x00000049b2500000) (1024K)]
  0x000001b82b0d3340 WorkerThread "GC Thread#0"                     [id=23780, stack(0x00000049b1f00000,0x00000049b2000000) (1024K)]
  0x000001b885581590 WorkerThread "GC Thread#1"                     [id=25572, stack(0x00000049b3500000,0x00000049b3600000) (1024K)]
  0x000001b885581940 WorkerThread "GC Thread#2"                     [id=22652, stack(0x00000049b3600000,0x00000049b3700000) (1024K)]
  0x000001b885581cf0 WorkerThread "GC Thread#3"                     [id=13024, stack(0x00000049b3700000,0x00000049b3800000) (1024K)]
  0x000001b8855820a0 WorkerThread "GC Thread#4"                     [id=3008, stack(0x00000049b3800000,0x00000049b3900000) (1024K)]
  0x000001b885582450 WorkerThread "GC Thread#5"                     [id=26868, stack(0x00000049b3900000,0x00000049b3a00000) (1024K)]
  0x000001b885599d10 WorkerThread "GC Thread#6"                     [id=18868, stack(0x00000049b3a00000,0x00000049b3b00000) (1024K)]
=>0x000001b88583f210 WorkerThread "GC Thread#7"                     [id=17372, stack(0x00000049b3e00000,0x00000049b3f00000) (1024K)]
  0x000001b88583f5c0 WorkerThread "GC Thread#8"                     [id=2832, stack(0x00000049b3f00000,0x00000049b4000000) (1024K)]
  0x000001b88583dbf0 WorkerThread "GC Thread#9"                     [id=6732, stack(0x00000049b4000000,0x00000049b4100000) (1024K)]
  0x000001b885aa2160 WorkerThread "GC Thread#10"                    [id=24512, stack(0x00000049b3b00000,0x00000049b3c00000) (1024K)]
  0x000001b885aa03e0 WorkerThread "GC Thread#11"                    [id=16020, stack(0x00000049b4300000,0x00000049b4400000) (1024K)]
  0x000001b885aa12a0 WorkerThread "GC Thread#12"                    [id=26496, stack(0x00000049b4400000,0x00000049b4500000) (1024K)]
  0x000001b82b0e81c0 ConcurrentGCThread "G1 Main Marker"            [id=23896, stack(0x00000049b2000000,0x00000049b2100000) (1024K)]
  0x000001b82b0ea8e0 WorkerThread "G1 Conc#0"                       [id=17900, stack(0x00000049b2100000,0x00000049b2200000) (1024K)]
  0x000001b88583dfa0 WorkerThread "G1 Conc#1"                       [id=18748, stack(0x00000049b4100000,0x00000049b4200000) (1024K)]
  0x000001b88583e350 WorkerThread "G1 Conc#2"                       [id=14160, stack(0x00000049b4200000,0x00000049b4300000) (1024K)]
  0x000001b83ec34110 ConcurrentGCThread "G1 Refine#0"               [id=17500, stack(0x00000049b2200000,0x00000049b2300000) (1024K)]
  0x000001b83ec34650 ConcurrentGCThread "G1 Service"                [id=25032, stack(0x00000049b2300000,0x00000049b2400000) (1024K)]
Total: 21

Threads with active compile tasks:
Total: 0

VM state: at safepoint (normal execution)

VM Mutex/Monitor currently owned by a thread:  ([mutex/lock_event])
[0x00007ffb807b44f0] Threads_lock - owner thread: 0x000001b83ed75b70
[0x00007ffb807b45f0] Heap_lock - owner thread: 0x000001b885ece650

Heap address: 0x0000000701200000, size: 4078 MB, Compressed Oops mode: Zero based, Oop shift amount: 3

CDS archive(s) mapped at: [0x000001b840000000-0x000001b840d40000-0x000001b840d40000), size 13893632, SharedBaseAddress: 0x000001b840000000, ArchiveRelocationMode: 1.
Compressed class space mapped at: 0x000001b841000000-0x000001b881000000, reserved size: 1073741824
UseCompressedClassPointers 1, UseCompactObjectHeaders 0
Narrow klass pointer bits 32, Max shift 3
Narrow klass base: 0x000001b840000000, Narrow klass shift: 0
Encoding Range: [0x000001b840000000 - 0x000001b940000000), (4294967296 bytes)
Klass Range:    [0x000001b840000000 - 0x000001b881000000), (1090519040 bytes)
Klass ID Range:  [8 - 1090519033) (1090519025)

GC Precious Log:
 CardTable entry size: 512
 Card Set container configuration: InlinePtr #cards 4 size 8 Array Of Cards #cards 16 size 48 Howl #buckets 8 coarsen threshold 3686 Howl Bitmap #cards 512 size 80 coarsen threshold 460 Card regions per heap region 1 cards per card region 4096
 CPUs: 16 total, 16 available
 Memory: 16309M
 Large Page Support: Disabled
 NUMA Support: Disabled
 Compressed Oops: Enabled (Zero based)
 Heap Region Size: 2M
 Heap Min Capacity: 8M
 Heap Initial Capacity: 256M
 Heap Max Capacity: 4078M
 Pre-touch: Disabled
 Parallel Workers: 13
 Concurrent Workers: 3
 Concurrent Refinement Workers: 13
 Periodic GC: Disabled

Heap:
 garbage-first heap   total reserved 4175872K, committed 69632K, used 61217K [0x0000000701200000, 0x0000000800000000)
  region size 2048K, 14 young (28672K), 1 survivors (2048K)
 Metaspace       used 75048K, committed 75840K, reserved 1179648K
  class space    used 8569K, committed 8896K, reserved 1048576K

Heap Regions: E=young(eden), S=young(survivor), O=old, HS=humongous(starts), HC=humongous(continues), CS=collection set, F=free, TAMS=top-at-mark-start, PB=parsable bottom
|   0|0x0000000701200000, 0x0000000701400000, 0x0000000701400000|100%| O|  |TAMS 0x0000000701200000| PB 0x0000000701200000| Untracked |  0
|   1|0x0000000701400000, 0x0000000701600000, 0x0000000701600000|100%| O|  |TAMS 0x0000000701400000| PB 0x0000000701400000| Untracked |  0
|   2|0x0000000701600000, 0x0000000701800000, 0x0000000701800000|100%| O|  |TAMS 0x0000000701600000| PB 0x0000000701600000| Untracked |  0
|   3|0x0000000701800000, 0x0000000701a00000, 0x0000000701a00000|100%| O|  |TAMS 0x0000000701800000| PB 0x0000000701800000| Untracked |  0
|   4|0x0000000701a00000, 0x0000000701c00000, 0x0000000701c00000|100%| O|  |TAMS 0x0000000701a00000| PB 0x0000000701a00000| Untracked |  0
|   5|0x0000000701c00000, 0x0000000701e00000, 0x0000000701e00000|100%| O|  |TAMS 0x0000000701c00000| PB 0x0000000701c00000| Untracked |  0
|   6|0x0000000701e00000, 0x0000000702000000, 0x0000000702000000|100%| O|  |TAMS 0x0000000701e00000| PB 0x0000000701e00000| Untracked |  0
|   7|0x0000000702000000, 0x0000000702200000, 0x0000000702200000|100%| O|  |TAMS 0x0000000702000000| PB 0x0000000702000000| Untracked |  0
|   8|0x0000000702200000, 0x0000000702400000, 0x0000000702400000|100%| O|Cm|TAMS 0x0000000702200000| PB 0x0000000702200000| Complete |  0
|   9|0x0000000702400000, 0x0000000702600000, 0x0000000702600000|100%| O|  |TAMS 0x0000000702400000| PB 0x0000000702400000| Untracked |  0
|  10|0x0000000702600000, 0x0000000702800000, 0x0000000702800000|100%| O|Cm|TAMS 0x0000000702600000| PB 0x0000000702600000| Complete |  0
|  11|0x0000000702800000, 0x0000000702a00000, 0x0000000702a00000|100%| O|Cm|TAMS 0x0000000702800000| PB 0x0000000702800000| Complete |  0
|  12|0x0000000702a00000, 0x0000000702c00000, 0x0000000702c00000|100%| O|  |TAMS 0x0000000702a00000| PB 0x0000000702a00000| Untracked |  0
|  13|0x0000000702c00000, 0x0000000702e00000, 0x0000000702e00000|100%| O|  |TAMS 0x0000000702c00000| PB 0x0000000702c00000| Untracked |  0
|  14|0x0000000702e00000, 0x0000000703000000, 0x0000000703000000|100%| O|  |TAMS 0x0000000702e00000| PB 0x0000000702e00000| Untracked |  0
|  15|0x0000000703000000, 0x00000007031ed550, 0x0000000703200000| 96%| O|  |TAMS 0x0000000703000000| PB 0x0000000703000000| Untracked |  0
|  16|0x0000000703200000, 0x0000000703200000, 0x0000000703400000|  0%| F|  |TAMS 0x0000000703200000| PB 0x0000000703200000| Untracked |  0
|  17|0x0000000703400000, 0x0000000703400000, 0x0000000703600000|  0%| F|  |TAMS 0x0000000703400000| PB 0x0000000703400000| Untracked |  0
|  18|0x0000000703600000, 0x0000000703600000, 0x0000000703800000|  0%| F|  |TAMS 0x0000000703600000| PB 0x0000000703600000| Untracked |  0
|  19|0x0000000703800000, 0x0000000703991c10, 0x0000000703a00000| 78%| S|  |TAMS 0x0000000703800000| PB 0x0000000703800000| Complete |  0
|  20|0x0000000703a00000, 0x0000000703bdb000, 0x0000000703c00000| 92%| E|CS|TAMS 0x0000000703a00000| PB 0x0000000703a00000| Complete |  0
|  21|0x0000000703c00000, 0x0000000703e00000, 0x0000000703e00000|100%| E|CS|TAMS 0x0000000703c00000| PB 0x0000000703c00000| Complete |  0
|  22|0x0000000703e00000, 0x0000000704000000, 0x0000000704000000|100%| E|CS|TAMS 0x0000000703e00000| PB 0x0000000703e00000| Complete |  0
|  23|0x0000000704000000, 0x0000000704200000, 0x0000000704200000|100%| E|CS|TAMS 0x0000000704000000| PB 0x0000000704000000| Complete |  0
|  24|0x0000000704200000, 0x0000000704400000, 0x0000000704400000|100%| E|CS|TAMS 0x0000000704200000| PB 0x0000000704200000| Complete |  0
|  25|0x0000000704400000, 0x0000000704600000, 0x0000000704600000|100%| E|CS|TAMS 0x0000000704400000| PB 0x0000000704400000| Complete |  0
|  26|0x0000000704600000, 0x0000000704800000, 0x0000000704800000|100%| E|CS|TAMS 0x0000000704600000| PB 0x0000000704600000| Complete |  0
| 108|0x000000070ea00000, 0x000000070ec00000, 0x000000070ec00000|100%| E|CS|TAMS 0x000000070ea00000| PB 0x000000070ea00000| Complete |  0
| 109|0x000000070ec00000, 0x000000070ee00000, 0x000000070ee00000|100%| E|CS|TAMS 0x000000070ec00000| PB 0x000000070ec00000| Complete |  0
| 110|0x000000070ee00000, 0x000000070f000000, 0x000000070f000000|100%| E|CS|TAMS 0x000000070ee00000| PB 0x000000070ee00000| Complete |  0
| 111|0x000000070f000000, 0x000000070f200000, 0x000000070f200000|100%| E|CS|TAMS 0x000000070f000000| PB 0x000000070f000000| Complete |  0
| 112|0x000000070f200000, 0x000000070f400000, 0x000000070f400000|100%| E|CS|TAMS 0x000000070f200000| PB 0x000000070f200000| Complete |  0
| 127|0x0000000711000000, 0x0000000711200000, 0x0000000711200000|100%| E|CS|TAMS 0x0000000711000000| PB 0x0000000711000000| Complete |  0
|2038|0x00000007ffe00000, 0x0000000800000000, 0x0000000800000000|100%| E|CS|TAMS 0x00000007ffe00000| PB 0x00000007ffe00000| Complete |  0

Card table byte_map: [0x000001b837870000,0x000001b838070000] _byte_map_base: 0x000001b834067000

Marking Bits: (CMBitMap*) 0x000001b82b0d3960
 Bits: [0x000001b838070000, 0x000001b83c028000)

Polling page: 0x000001b828e60000

Metaspace:

Usage:
  Non-class:     64.92 MB used.
      Class:      8.37 MB used.
       Both:     73.29 MB used.

Virtual space:
  Non-class space:      128.00 MB reserved,      65.38 MB ( 51%) committed,  2 nodes.
      Class space:        1.00 GB reserved,       8.69 MB ( <1%) committed,  1 nodes.
             Both:        1.12 GB reserved,      74.06 MB (  6%) committed. 

Chunk freelists:
   Non-Class:  14.40 MB
       Class:  7.43 MB
        Both:  21.83 MB

MaxMetaspaceSize: unlimited
CompressedClassSpaceSize: 1.00 GB
Initial GC threshold: 21.00 MB
Current GC threshold: 123.44 MB
CDS: on
 - commit_granule_bytes: 65536.
 - commit_granule_words: 8192.
 - virtual_space_node_default_size: 8388608.
 - enlarge_chunks_in_place: 1.
UseCompressedClassPointers 1, UseCompactObjectHeaders 0
Narrow klass pointer bits 32, Max shift 3
Narrow klass base: 0x000001b840000000, Narrow klass shift: 0
Encoding Range: [0x000001b840000000 - 0x000001b940000000), (4294967296 bytes)
Klass Range:    [0x000001b840000000 - 0x000001b881000000), (1090519040 bytes)
Klass ID Range:  [8 - 1090519033) (1090519025)


Internal statistics:

num_allocs_failed_limit: 6.
num_arena_births: 832.
num_arena_deaths: 148.
num_vsnodes_births: 3.
num_vsnodes_deaths: 0.
num_space_committed: 1185.
num_space_uncommitted: 0.
num_chunks_returned_to_freelist: 163.
num_chunks_taken_from_freelist: 3515.
num_chunk_merges: 34.
num_chunk_splits: 2585.
num_chunks_enlarged: 2126.
num_inconsistent_stats: 0.

CodeCache: size=49152Kb used=9467Kb max_used=11781Kb free=39685Kb
 bounds [0x000001b833900000, 0x000001b834490000, 0x000001b836900000]
 total_blobs=7360, nmethods=6602, adapters=681, full_count=0
Compilation: enabled, stopped_count=0, restarted_count=0

Compilation events (20 events):
Event: 79258.584 Thread 0x000001b83f0d8960 nmethod 6699 0x000001b833f8ca88 code [0x000001b833f8cc00, 0x000001b833f8d0a8]
Event: 79258.584 Thread 0x000001b83f0d8960 6701       1       java.security.DrbgParameters$NextBytes::getAdditionalInput (22 bytes)
Event: 79258.584 Thread 0x000001b83f0d8960 nmethod 6701 0x000001b833f8c788 code [0x000001b833f8c8a0, 0x000001b833f8ca60]
Event: 79258.584 Thread 0x000001b83f0d8960 6702  s    1       sun.security.provider.AbstractDrbg::instantiateIfNecessary (60 bytes)
Event: 79258.585 Thread 0x000001b83f0d8960 nmethod 6702 0x000001b833f8c208 code [0x000001b833f8c360, 0x000001b833f8c728]
Event: 79258.585 Thread 0x000001b83f0d8960 6703  s    1       sun.security.provider.HashDrbg::generateAlgorithm (188 bytes)
Event: 79258.585 Thread 0x000001b83f9a5240 nmethod 6700 0x000001b833f8b108 code [0x000001b833f8b380, 0x000001b833f8c130]
Event: 79258.585 Thread 0x000001b83f9a5240 6704   !   1       sun.security.provider.HashDrbg::hashGen (152 bytes)
Event: 79258.586 Thread 0x000001b83f0d8960 nmethod 6703 0x000001b833f8a288 code [0x000001b833f8a4a0, 0x000001b833f8b078]
Event: 79258.586 Thread 0x000001b83f9a5240 nmethod 6704 0x000001b833f89908 code [0x000001b833f89aa0, 0x000001b833f8a1a8]
Event: 79258.586 Thread 0x000001b83f0d8960 6705       1       org.h2.message.TraceObject::getNextId (8 bytes)
Event: 79258.586 Thread 0x000001b83f9a5240 6706       1       java.util.concurrent.atomic.AtomicIntegerArray::getAndIncrement (13 bytes)
Event: 79258.587 Thread 0x000001b83f0d8960 nmethod 6705 0x000001b833f89608 code [0x000001b833f89720, 0x000001b833f89840]
Event: 79258.587 Thread 0x000001b83f9a5240 nmethod 6706 0x000001b833f89308 code [0x000001b833f89420, 0x000001b833f89558]
Event: 79258.587 Thread 0x000001b83f0d8960 6707       1       java.lang.invoke.VarHandleGuards::guard_LII_I (86 bytes)
Event: 79258.587 Thread 0x000001b83f9a5240 6708       1       java.lang.invoke.VarHandleInts$Array::getAndAdd (46 bytes)
Event: 79258.587 Thread 0x000001b83f9a5240 nmethod 6708 0x000001b833f89008 code [0x000001b833f89120, 0x000001b833f892a8]
Event: 79258.589 Thread 0x000001b83f0d8960 nmethod 6707 0x000001b833f88308 code [0x000001b833f88500, 0x000001b833f88f20]
Event: 79297.874 Thread 0x000001b83f0d8960 6709       1       java.util.ArrayList::remove (76 bytes)
Event: 79297.874 Thread 0x000001b83f0d8960 nmethod 6709 0x000001b833f87f88 code [0x000001b833f880c0, 0x000001b833f882f8]

GC Heap History (20 events):
Event: 0.982 GC heap after
{Heap after GC invocations=4 (full 0):
 garbage-first heap   total reserved 4175872K, committed 69632K, used 17837K [0x0000000701200000, 0x0000000800000000)
  region size 2048K, 7 young (14336K), 7 survivors (14336K)
 Metaspace       used 24210K, committed 24512K, reserved 1114112K
  class space    used 2651K, committed 2752K, reserved 1048576K
}
Event: 1.165 GC heap before
{Heap before GC invocations=4 (full 0):
 garbage-first heap   total reserved 4175872K, committed 69632K, used 44461K [0x0000000701200000, 0x0000000800000000)
  region size 2048K, 20 young (40960K), 7 survivors (14336K)
 Metaspace       used 27310K, committed 27648K, reserved 1114112K
  class space    used 3038K, committed 3136K, reserved 1048576K
}
Event: 1.172 GC heap after
{Heap after GC invocations=5 (full 0):
 garbage-first heap   total reserved 4175872K, committed 69632K, used 19952K [0x0000000701200000, 0x0000000800000000)
  region size 2048K, 2 young (4096K), 2 survivors (4096K)
 Metaspace       used 27310K, committed 27648K, reserved 1114112K
  class space    used 3038K, committed 3136K, reserved 1048576K
}
Event: 1.341 GC heap before
{Heap before GC invocations=5 (full 0):
 garbage-first heap   total reserved 4175872K, committed 69632K, used 42480K [0x0000000701200000, 0x0000000800000000)
  region size 2048K, 14 young (28672K), 2 survivors (4096K)
 Metaspace       used 30112K, committed 30528K, reserved 1114112K
  class space    used 3443K, committed 3648K, reserved 1048576K
}
Event: 1.345 GC heap after
{Heap after GC invocations=6 (full 0):
 garbage-first heap   total reserved 4175872K, committed 69632K, used 21193K [0x0000000701200000, 0x0000000800000000)
  region size 2048K, 2 young (4096K), 2 survivors (4096K)
 Metaspace       used 30112K, committed 30528K, reserved 1114112K
  class space    used 3443K, committed 3648K, reserved 1048576K
}
Event: 1.652 GC heap before
{Heap before GC invocations=7 (full 0):
 garbage-first heap   total reserved 4175872K, committed 69632K, used 51913K [0x0000000701200000, 0x0000000800000000)
  region size 2048K, 17 young (34816K), 2 survivors (4096K)
 Metaspace       used 37738K, committed 38208K, reserved 1114112K
  class space    used 4212K, committed 4416K, reserved 1048576K
}
Event: 1.655 GC heap after
{Heap after GC invocations=8 (full 0):
 garbage-first heap   total reserved 4175872K, committed 69632K, used 24045K [0x0000000701200000, 0x0000000800000000)
  region size 2048K, 3 young (6144K), 3 survivors (6144K)
 Metaspace       used 37738K, committed 38208K, reserved 1114112K
  class space    used 4212K, committed 4416K, reserved 1048576K
}
Event: 1.987 GC heap before
{Heap before GC invocations=8 (full 0):
 garbage-first heap   total reserved 4175872K, committed 69632K, used 54765K [0x0000000701200000, 0x0000000800000000)
  region size 2048K, 18 young (36864K), 3 survivors (6144K)
 Metaspace       used 45966K, committed 46400K, reserved 1114112K
  class space    used 5217K, committed 5376K, reserved 1048576K
}
Event: 1.990 GC heap after
{Heap after GC invocations=9 (full 0):
 garbage-first heap   total reserved 4175872K, committed 69632K, used 26669K [0x0000000701200000, 0x0000000800000000)
  region size 2048K, 3 young (6144K), 3 survivors (6144K)
 Metaspace       used 45966K, committed 46400K, reserved 1114112K
  class space    used 5217K, committed 5376K, reserved 1048576K
}
Event: 2.153 GC heap before
{Heap before GC invocations=9 (full 0):
 garbage-first heap   total reserved 4175872K, committed 69632K, used 43053K [0x0000000701200000, 0x0000000800000000)
  region size 2048K, 12 young (24576K), 3 survivors (6144K)
 Metaspace       used 50668K, committed 51136K, reserved 1114112K
  class space    used 5697K, committed 5952K, reserved 1048576K
}
Event: 2.155 GC heap after
{Heap after GC invocations=10 (full 0):
 garbage-first heap   total reserved 4175872K, committed 69632K, used 27771K [0x0000000701200000, 0x0000000800000000)
  region size 2048K, 2 young (4096K), 2 survivors (4096K)
 Metaspace       used 50668K, committed 51136K, reserved 1114112K
  class space    used 5697K, committed 5952K, reserved 1048576K
}
Event: 2.536 GC heap before
{Heap before GC invocations=11 (full 0):
 garbage-first heap   total reserved 4175872K, committed 69632K, used 58491K [0x0000000701200000, 0x0000000800000000)
  region size 2048K, 17 young (34816K), 2 survivors (4096K)
 Metaspace       used 59979K, committed 60480K, reserved 1114112K
  class space    used 6870K, committed 7104K, reserved 1048576K
}
Event: 2.538 GC heap after
{Heap after GC invocations=12 (full 0):
 garbage-first heap   total reserved 4175872K, committed 69632K, used 28921K [0x0000000701200000, 0x0000000800000000)
  region size 2048K, 2 young (4096K), 2 survivors (4096K)
 Metaspace       used 59979K, committed 60480K, reserved 1114112K
  class space    used 6870K, committed 7104K, reserved 1048576K
}
Event: 2.784 GC heap before
{Heap before GC invocations=12 (full 0):
 garbage-first heap   total reserved 4175872K, committed 69632K, used 57593K [0x0000000701200000, 0x0000000800000000)
  region size 2048K, 16 young (32768K), 2 survivors (4096K)
 Metaspace       used 65369K, committed 65856K, reserved 1114112K
  class space    used 7460K, committed 7680K, reserved 1048576K
}
Event: 2.786 GC heap after
{Heap after GC invocations=13 (full 0):
 garbage-first heap   total reserved 4175872K, committed 69632K, used 30337K [0x0000000701200000, 0x0000000800000000)
  region size 2048K, 2 young (4096K), 2 survivors (4096K)
 Metaspace       used 65369K, committed 65856K, reserved 1114112K
  class space    used 7460K, committed 7680K, reserved 1048576K
}
Event: 3.035 GC heap before
{Heap before GC invocations=13 (full 0):
 garbage-first heap   total reserved 4175872K, committed 69632K, used 59009K [0x0000000701200000, 0x0000000800000000)
  region size 2048K, 16 young (32768K), 2 survivors (4096K)
 Metaspace       used 69047K, committed 69632K, reserved 1114112K
  class space    used 7909K, committed 8128K, reserved 1048576K
}
Event: 3.037 GC heap after
{Heap after GC invocations=14 (full 0):
 garbage-first heap   total reserved 4175872K, committed 69632K, used 32444K [0x0000000701200000, 0x0000000800000000)
  region size 2048K, 2 young (4096K), 2 survivors (4096K)
 Metaspace       used 69047K, committed 69632K, reserved 1114112K
  class space    used 7909K, committed 8128K, reserved 1048576K
}
Event: 41522.375 GC heap before
{Heap before GC invocations=14 (full 0):
 garbage-first heap   total reserved 4175872K, committed 69632K, used 57020K [0x0000000701200000, 0x0000000800000000)
  region size 2048K, 15 young (30720K), 2 survivors (4096K)
 Metaspace       used 75179K, committed 75840K, reserved 1179648K
  class space    used 8607K, committed 8896K, reserved 1048576K
}
Event: 41522.384 GC heap after
{Heap after GC invocations=15 (full 0):
 garbage-first heap   total reserved 4175872K, committed 69632K, used 34593K [0x0000000701200000, 0x0000000800000000)
  region size 2048K, 1 young (2048K), 1 survivors (2048K)
 Metaspace       used 75179K, committed 75840K, reserved 1179648K
  class space    used 8607K, committed 8896K, reserved 1048576K
}
Event: 123476.641 GC heap before
{Heap before GC invocations=16 (full 0):
 garbage-first heap   total reserved 4175872K, committed 69632K, used 61217K [0x0000000701200000, 0x0000000800000000)
  region size 2048K, 14 young (28672K), 1 survivors (2048K)
 Metaspace       used 75048K, committed 75840K, reserved 1179648K
  class space    used 8569K, committed 8896K, reserved 1048576K
}

Dll operation events (11 events):
Event: 0.006 Loaded shared library C:\Program Files\Java\jdk-24\bin\java.dll
Event: 0.078 Loaded shared library C:\Program Files\Java\jdk-24\bin\zip.dll
Event: 0.080 Loaded shared library C:\Program Files\Java\jdk-24\bin\instrument.dll
Event: 0.082 Loaded shared library C:\Program Files\Java\jdk-24\bin\net.dll
Event: 0.083 Loaded shared library C:\Program Files\Java\jdk-24\bin\nio.dll
Event: 0.085 Loaded shared library C:\Program Files\Java\jdk-24\bin\zip.dll
Event: 0.142 Loaded shared library C:\Program Files\Java\jdk-24\bin\jimage.dll
Event: 0.145 Loaded shared library C:\Program Files\Java\jdk-24\bin\extnet.dll
Event: 0.156 Loaded shared library C:\Program Files\Java\jdk-24\bin\management.dll
Event: 0.161 Loaded shared library C:\Program Files\Java\jdk-24\bin\management_ext.dll
Event: 0.900 Loaded shared library C:\Program Files\Java\jdk-24\bin\sunmscapi.dll

Deoptimization events (6 events):
Event: 0.993 Thread 0x000001b83f0d16c0 DEOPT PACKING pc=0x000001b833e3b4c1 sp=0x00000049b46feeb0
Event: 0.993 Thread 0x000001b83f0d16c0 DEOPT UNPACKING pc=0x000001b833955722 sp=0x00000049b46fe308 mode 3
Event: 0.998 Thread 0x000001b83f0d0f70 DEOPT PACKING pc=0x000001b833e49526 sp=0x00000049b45feb90
Event: 0.998 Thread 0x000001b83f0d0f70 DEOPT UNPACKING pc=0x000001b833955722 sp=0x00000049b45fe020 mode 3
Event: 1.533 Thread 0x000001b82b06a140 DEOPT PACKING pc=0x000001b833f40c64 sp=0x00000049b1efc5d0
Event: 1.533 Thread 0x000001b82b06a140 DEOPT UNPACKING pc=0x000001b833955722 sp=0x00000049b1efbb00 mode 0

Classes loaded (20 events):
Event: 34.903 Loading class java/time/format/DateTimeFormatterBuilder$ZoneTextPrinterParser
Event: 34.903 Loading class java/time/format/DateTimeFormatterBuilder$ZoneTextPrinterParser done
Event: 34.903 Loading class java/time/format/DateTimeFormatterBuilder$ReducedPrinterParser
Event: 34.903 Loading class java/time/format/DateTimeFormatterBuilder$ReducedPrinterParser done
Event: 34.912 Loading class org/w3c/dom/Node
Event: 34.912 Loading class org/w3c/dom/Node done
Event: 34.912 Loading class org/w3c/dom/Document
Event: 34.912 Loading class org/w3c/dom/Document done
Event: 34.948 Loading class java/lang/invoke/MethodHandleImpl$WrappedMember
Event: 34.948 Loading class java/lang/invoke/MethodHandleImpl$WrappedMember done
Event: 34.997 Loading class java/util/Formatter$FormatSpecifierParser
Event: 34.997 Loading class java/util/Formatter$FormatSpecifierParser done
Event: 34.997 Loading class jdk/internal/math/FormattedFPDecimal
Event: 34.997 Loading class jdk/internal/math/FormattedFPDecimal done
Event: 35.021 Loading class java/util/stream/LongStream
Event: 35.021 Loading class java/util/stream/LongStream done
Event: 35.021 Loading class java/util/stream/DoubleStream
Event: 35.022 Loading class java/util/stream/DoubleStream done
Event: 146.898 Loading class java/util/regex/Pattern$Bound
Event: 146.898 Loading class java/util/regex/Pattern$Bound done

Classes unloaded (20 events):
Event: 41522.410 Thread 0x000001b83ed75b70 Unloading class 0x000001b841143c00 'java/lang/invoke/LambdaForm$MH+0x000001b841143c00'
Event: 41522.410 Thread 0x000001b83ed75b70 Unloading class 0x000001b841143800 'java/lang/invoke/LambdaForm$MH+0x000001b841143800'
Event: 41522.410 Thread 0x000001b83ed75b70 Unloading class 0x000001b841141000 'java/lang/invoke/LambdaForm$DMH+0x000001b841141000'
Event: 41522.410 Thread 0x000001b83ed75b70 Unloading class 0x000001b841140800 'java/lang/invoke/LambdaForm$DMH+0x000001b841140800'
Event: 41522.410 Thread 0x000001b83ed75b70 Unloading class 0x000001b841140000 'java/lang/invoke/LambdaForm$DMH+0x000001b841140000'
Event: 41522.410 Thread 0x000001b83ed75b70 Unloading class 0x000001b841139000 'java/lang/invoke/LambdaForm$DMH+0x000001b841139000'
Event: 41522.410 Thread 0x000001b83ed75b70 Unloading class 0x000001b84112d400 'java/lang/invoke/LambdaForm$MH+0x000001b84112d400'
Event: 41522.410 Thread 0x000001b83ed75b70 Unloading class 0x000001b84112d000 'java/lang/invoke/LambdaForm$MH+0x000001b84112d000'
Event: 41522.410 Thread 0x000001b83ed75b70 Unloading class 0x000001b841118c00 'java/lang/invoke/LambdaForm$MH+0x000001b841118c00'
Event: 41522.410 Thread 0x000001b83ed75b70 Unloading class 0x000001b841118000 'java/lang/invoke/LambdaForm$DMH+0x000001b841118000'
Event: 41522.410 Thread 0x000001b83ed75b70 Unloading class 0x000001b841094c00 'java/lang/invoke/LambdaForm$BMH+0x000001b841094c00'
Event: 41522.410 Thread 0x000001b83ed75b70 Unloading class 0x000001b841009400 'java/lang/invoke/LambdaForm$MH+0x000001b841009400'
Event: 41522.410 Thread 0x000001b83ed75b70 Unloading class 0x000001b841008400 'java/lang/invoke/LambdaForm$DMH+0x000001b841008400'
Event: 41522.410 Thread 0x000001b83ed75b70 Unloading class 0x000001b841007c00 'java/lang/invoke/LambdaForm$DMH+0x000001b841007c00'
Event: 41522.410 Thread 0x000001b83ed75b70 Unloading class 0x000001b841007400 'java/lang/invoke/LambdaForm$DMH+0x000001b841007400'
Event: 41522.410 Thread 0x000001b83ed75b70 Unloading class 0x000001b841007000 'java/lang/invoke/LambdaForm$DMH+0x000001b841007000'
Event: 41522.410 Thread 0x000001b83ed75b70 Unloading class 0x000001b841002400 'java/lang/invoke/LambdaForm$MH+0x000001b841002400'
Event: 41522.410 Thread 0x000001b83ed75b70 Unloading class 0x000001b841002000 'java/lang/invoke/LambdaForm$MH+0x000001b841002000'
Event: 41522.410 Thread 0x000001b83ed75b70 Unloading class 0x000001b841001c00 'java/lang/invoke/LambdaForm$MH+0x000001b841001c00'
Event: 41522.410 Thread 0x000001b83ed75b70 Unloading class 0x000001b841001400 'java/lang/invoke/LambdaForm$MH+0x000001b841001400'

Classes redefined (0 events):
No events

Internal exceptions (20 events):
Event: 3.030 Thread 0x000001b82b06a140 Exception <a 'java/lang/NoSuchMethodError'{0x0000000703b26af8}: 'java.lang.Object java.lang.invoke.DirectMethodHandle$Holder.newInvokeSpecial(java.lang.Object, java.lang.Object, int, java.lang.Object, java.lang.Object)'> (0x0000000703b26af8) 
thrown [s\open\src\hotspot\share\interpreter\linkResolver.cpp, line 805]
Event: 3.525 Thread 0x000001b83f0d0f70 Exception <a 'java/lang/NoSuchMethodError'{0x0000000711038048}: 'java.lang.Object java.lang.invoke.DirectMethodHandle$Holder.invokeInterface(java.lang.Object, java.lang.Object, java.lang.Object, java.lang.Object, java.lang.Object, java.lang.Object, java.lang.Object)'> (0x0000000711038048) 
thrown [s\open\src\hotspot\share\interpreter\linkResolver.cpp, line 805]
Event: 34.824 Thread 0x000001b885ed2f70 Exception <a 'java/lang/NoSuchMethodError'{0x000000071114caa0}: 'java.lang.Object java.lang.invoke.DirectMethodHandle$Holder.invokeStatic(java.lang.Object, java.lang.Object, java.lang.Object, int, int)'> (0x000000071114caa0) 
thrown [s\open\src\hotspot\share\interpreter\linkResolver.cpp, line 805]
Event: 34.825 Thread 0x000001b885ed2f70 Exception <a 'java/lang/NoSuchMethodError'{0x0000000711154a38}: 'java.lang.Object java.lang.invoke.DirectMethodHandle$Holder.invokeStaticInit(java.lang.Object, java.lang.Object, java.lang.Object, int, int)'> (0x0000000711154a38) 
thrown [s\open\src\hotspot\share\interpreter\linkResolver.cpp, line 805]
Event: 34.841 Thread 0x000001b885ecd060 Exception <a 'java/lang/NoSuchMethodError'{0x000000070f260d08}: 'java.lang.Object java.lang.invoke.DirectMethodHandle$Holder.invokeSpecial(java.lang.Object, java.lang.Object, java.lang.Object, java.lang.Object, java.lang.Object, long)'> (0x000000070f260d08) 
thrown [s\open\src\hotspot\share\interpreter\linkResolver.cpp, line 805]
Event: 34.841 Thread 0x000001b885ecd060 Exception <a 'java/lang/NoSuchMethodError'{0x000000070f269640}: 'java.lang.Object java.lang.invoke.DirectMethodHandle$Holder.invokeSpecial(java.lang.Object, java.lang.Object, java.lang.Object, java.lang.Object, java.lang.Object, java.lang.Object, long)'> (0x000000070f269640) 
thrown [s\open\src\hotspot\share\interpreter\linkResolver.cpp, line 805]
Event: 34.841 Thread 0x000001b885ecd060 Exception <a 'java/lang/NoSuchMethodError'{0x000000070f2719b8}: 'java.lang.Object java.lang.invoke.DelegatingMethodHandle$Holder.reinvoke_L(java.lang.Object, java.lang.Object, java.lang.Object, java.lang.Object, java.lang.Object, long)'> (0x000000070f2719b8) 
thrown [s\open\src\hotspot\share\interpreter\linkResolver.cpp, line 805]
Event: 34.841 Thread 0x000001b885ecd060 Exception <a 'java/lang/NoSuchMethodError'{0x000000070f281fa0}: 'java.lang.Object java.lang.invoke.Invokers$Holder.linkToTargetMethod(java.lang.Object, java.lang.Object, java.lang.Object, long, java.lang.Object)'> (0x000000070f281fa0) 
thrown [s\open\src\hotspot\share\interpreter\linkResolver.cpp, line 805]
Event: 34.948 Thread 0x000001b885ecd060 Exception <a 'java/lang/NoSuchMethodError'{0x000000070ea049f8}: 'java.lang.Object java.lang.invoke.Invokers$Holder.invoker(java.lang.Object, java.lang.Object, java.lang.Object, java.lang.Object, java.lang.Object)'> (0x000000070ea049f8) 
thrown [s\open\src\hotspot\share\interpreter\linkResolver.cpp, line 805]
Event: 34.954 Thread 0x000001b885ecd060 Exception <a 'java/lang/IncompatibleClassChangeError'{0x000000070ea8f298}: Found class java.lang.Object, but interface was expected> (0x000000070ea8f298) 
thrown [s\open\src\hotspot\share\interpreter\linkResolver.cpp, line 872]
Event: 34.967 Thread 0x000001b885ecd060 Exception <a 'java/lang/NoSuchMethodError'{0x000000070eba46a0}: 'int java.lang.invoke.Invokers$Holder.invokeExact_MT(java.lang.Object, java.lang.Object, java.lang.Object)'> (0x000000070eba46a0) 
thrown [s\open\src\hotspot\share\interpreter\linkResolver.cpp, line 805]
Event: 34.974 Thread 0x000001b885ecd060 Exception <a 'java/lang/NoSuchMethodError'{0x0000000704641b70}: 'int java.lang.invoke.DirectMethodHandle$Holder.invokeStatic(java.lang.Object, java.lang.Object, int, int)'> (0x0000000704641b70) 
thrown [s\open\src\hotspot\share\interpreter\linkResolver.cpp, line 805]
Event: 146.887 Thread 0x000001b885ed20d0 Exception <a 'java/lang/NoSuchMethodError'{0x0000000704230760}: 'java.lang.Object java.lang.invoke.Invokers$Holder.invoker(java.lang.Object, java.lang.Object, java.lang.Object, java.lang.Object)'> (0x0000000704230760) 
thrown [s\open\src\hotspot\share\interpreter\linkResolver.cpp, line 805]
Event: 146.888 Thread 0x000001b885ed20d0 Exception <a 'java/lang/NoSuchMethodError'{0x0000000704243dd8}: 'java.lang.Object java.lang.invoke.Invokers$Holder.invoker(java.lang.Object, java.lang.Object, java.lang.Object)'> (0x0000000704243dd8) 
thrown [s\open\src\hotspot\share\interpreter\linkResolver.cpp, line 805]
Event: 146.894 Thread 0x000001b885ed20d0 Exception <a 'java/lang/NoSuchMethodError'{0x00000007042b6c18}: 'void java.lang.invoke.DirectMethodHandle$Holder.invokeSpecialIFC(java.lang.Object, java.lang.Object, int, java.lang.Object, java.lang.Object, java.lang.Object, java.lang.Object)'> (0x00000007042b6c18) 
thrown [s\open\src\hotspot\share\interpreter\linkResolver.cpp, line 805]
Event: 146.907 Thread 0x000001b885ed20d0 Exception <a 'java/lang/NoSuchMethodError'{0x00000007043c1f60}: 'void java.lang.invoke.Invokers$Holder.invokeExact_MT(java.lang.Object, java.lang.Object, int, java.lang.Object)'> (0x00000007043c1f60) 
thrown [s\open\src\hotspot\share\interpreter\linkResolver.cpp, line 805]
Event: 146.920 Thread 0x000001b885ed20d0 Exception <a 'java/lang/NoSuchMethodError'{0x00000007040bbb38}: 'java.lang.Object java.lang.invoke.Invokers$Holder.linkToTargetMethod(java.lang.Object, int, java.lang.Object, java.lang.Object, java.lang.Object, java.lang.Object)'> (0x00000007040bbb38) 
thrown [s\open\src\hotspot\share\interpreter\linkResolver.cpp, line 805]
Event: 146.925 Thread 0x000001b885ed20d0 Exception <a 'java/lang/IncompatibleClassChangeError'{0x000000070416ee88}: Found class java.lang.Object, but interface was expected> (0x000000070416ee88) 
thrown [s\open\src\hotspot\share\interpreter\linkResolver.cpp, line 872]
Event: 146.931 Thread 0x000001b885ed20d0 Exception <a 'java/lang/NoSuchMethodError'{0x00000007041b7178}: 'double java.lang.invoke.DirectMethodHandle$Holder.invokeVirtual(java.lang.Object, java.lang.Object)'> (0x00000007041b7178) 
thrown [s\open\src\hotspot\share\interpreter\linkResolver.cpp, line 805]
Event: 146.931 Thread 0x000001b885ed20d0 Exception <a 'java/lang/NoSuchMethodError'{0x00000007041c7ce0}: 'double java.lang.invoke.DelegatingMethodHandle$Holder.reinvoke_L(java.lang.Object, java.lang.Object)'> (0x00000007041c7ce0) 
thrown [s\open\src\hotspot\share\interpreter\linkResolver.cpp, line 805]

VM Operations (20 events):
Event: 2.958 Executing VM operation: HandshakeAllThreads (Deoptimize) done
Event: 3.035 Executing VM operation: G1CollectForAllocation (G1 Evacuation Pause)
Event: 3.037 Executing VM operation: G1CollectForAllocation (G1 Evacuation Pause) done
Event: 34.850 Executing VM operation: HandshakeAllThreads (Deoptimize)
Event: 34.850 Executing VM operation: HandshakeAllThreads (Deoptimize) done
Event: 35.007 Executing VM operation: HandshakeAllThreads (Deoptimize)
Event: 35.007 Executing VM operation: HandshakeAllThreads (Deoptimize) done
Event: 35.028 Executing VM operation: HandshakeAllThreads (Deoptimize)
Event: 35.028 Executing VM operation: HandshakeAllThreads (Deoptimize) done
Event: 60.124 Executing VM operation: HandshakeAllThreads (HandshakeForDeflation)
Event: 60.124 Executing VM operation: HandshakeAllThreads (HandshakeForDeflation) done
Event: 60.124 Executing VM operation: RendezvousGCThreads
Event: 60.124 Executing VM operation: RendezvousGCThreads done
Event: 41522.375 Executing VM operation: G1CollectForAllocation (G1 Evacuation Pause)
Event: 41522.384 Executing VM operation: G1CollectForAllocation (G1 Evacuation Pause) done
Event: 41522.409 Executing VM operation: G1PauseRemark
Event: 41522.443 Executing VM operation: G1PauseRemark done
Event: 41522.448 Executing VM operation: G1PauseCleanup
Event: 41522.448 Executing VM operation: G1PauseCleanup done
Event: 123476.640 Executing VM operation: G1CollectForAllocation (G1 Evacuation Pause)

Memory protections (0 events):
No events

Nmethod flushes (20 events):
Event: 41522.437 Thread 0x000001b83ed75b70 flushing  nmethod 0x000001b833e83688
Event: 41522.437 Thread 0x000001b83ed75b70 flushing  nmethod 0x000001b834122388
Event: 41522.437 Thread 0x000001b83ed75b70 flushing  nmethod 0x000001b8341e9408
Event: 41522.437 Thread 0x000001b83ed75b70 flushing  nmethod 0x000001b834239608
Event: 41522.437 Thread 0x000001b83ed75b70 flushing  nmethod 0x000001b833c9a408
Event: 41522.437 Thread 0x000001b83ed75b70 flushing  nmethod 0x000001b833d4be88
Event: 41522.437 Thread 0x000001b83ed75b70 flushing  nmethod 0x000001b833d50d08
Event: 41522.437 Thread 0x000001b83ed75b70 flushing  nmethod 0x000001b833e98188
Event: 41522.437 Thread 0x000001b83ed75b70 flushing  nmethod 0x000001b833f40288
Event: 41522.437 Thread 0x000001b83ed75b70 flushing  nmethod 0x000001b834303808
Event: 41522.437 Thread 0x000001b83ed75b70 flushing  nmethod 0x000001b833e48508
Event: 41522.437 Thread 0x000001b83ed75b70 flushing  nmethod 0x000001b834194888
Event: 41522.437 Thread 0x000001b83ed75b70 flushing  nmethod 0x000001b8341f9108
Event: 41522.437 Thread 0x000001b83ed75b70 flushing  nmethod 0x000001b8340c3988
Event: 41522.437 Thread 0x000001b83ed75b70 flushing  nmethod 0x000001b834204108
Event: 41522.437 Thread 0x000001b83ed75b70 flushing  nmethod 0x000001b83427fd88
Event: 41522.437 Thread 0x000001b83ed75b70 flushing  nmethod 0x000001b834280088
Event: 41522.437 Thread 0x000001b83ed75b70 flushing  nmethod 0x000001b83430ad08
Event: 41522.437 Thread 0x000001b83ed75b70 flushing  nmethod 0x000001b83430b108
Event: 41522.437 Thread 0x000001b83ed75b70 flushing  nmethod 0x000001b834342188

Events (20 events):
Event: 78940.168 Thread 0x000001b83f963db0 Thread exited: 0x000001b83f963db0
Event: 78940.214 Thread 0x000001b83f9627c0 Thread exited: 0x000001b83f9627c0
Event: 78996.511 Thread 0x000001b885ecf4f0 Thread added: 0x000001b83f962070
Event: 78996.511 Thread 0x000001b83f962070 Thread added: 0x000001b83f964500
Event: 79001.521 Thread 0x000001b83f962070 Thread exited: 0x000001b83f962070
Event: 79001.567 Thread 0x000001b83f964500 Thread exited: 0x000001b83f964500
Event: 79180.071 Thread 0x000001b885ecf4f0 Thread added: 0x000001b83f964500
Event: 79180.071 Thread 0x000001b83f964500 Thread added: 0x000001b83f962070
Event: 79185.085 Thread 0x000001b83f964500 Thread exited: 0x000001b83f964500
Event: 79185.131 Thread 0x000001b83f962070 Thread exited: 0x000001b83f962070
Event: 79258.582 Thread 0x000001b885ecf4f0 Thread added: 0x000001b83f963db0
Event: 79258.583 Thread 0x000001b83f963db0 Thread added: 0x000001b83f964500
Event: 79258.583 Thread 0x000001b83f0d8960 Thread added: 0x000001b83f9a5240
Event: 79263.588 Thread 0x000001b83f963db0 Thread exited: 0x000001b83f963db0
Event: 79263.589 Thread 0x000001b83f9a5240 Thread exited: 0x000001b83f9a5240
Event: 79263.634 Thread 0x000001b83f964500 Thread exited: 0x000001b83f964500
Event: 79297.874 Thread 0x000001b885ecf4f0 Thread added: 0x000001b83f963db0
Event: 79297.874 Thread 0x000001b83f963db0 Thread added: 0x000001b83f964500
Event: 79302.887 Thread 0x000001b83f963db0 Thread exited: 0x000001b83f963db0
Event: 79302.917 Thread 0x000001b83f964500 Thread exited: 0x000001b83f964500


Dynamic libraries:
0x00007ff719fd0000 - 0x00007ff719fe0000 	C:\Program Files\Java\jdk-24\bin\java.exe
0x00007ffc4ad20000 - 0x00007ffc4af87000 	C:\Windows\SYSTEM32\ntdll.dll
0x00007ffc49c20000 - 0x00007ffc49ce9000 	C:\Windows\System32\KERNEL32.DLL
0x00007ffc48310000 - 0x00007ffc486ff000 	C:\Windows\System32\KERNELBASE.dll
0x00007ffc48970000 - 0x00007ffc48abb000 	C:\Windows\System32\ucrtbase.dll
0x00007ffc32740000 - 0x00007ffc3275b000 	C:\Program Files\Java\jdk-24\bin\VCRUNTIME140.dll
0x00007ffc2efb0000 - 0x00007ffc2efc6000 	C:\Program Files\Java\jdk-24\bin\jli.dll
0x00007ffc494e0000 - 0x00007ffc496a5000 	C:\Windows\System32\USER32.dll
0x00007ffc1abc0000 - 0x00007ffc1ae53000 	C:\Windows\WinSxS\amd64_microsoft.windows.common-controls_6595b64144ccf1df_6.0.26100.7309_none_3e05feeae336a044\COMCTL32.dll
0x00007ffc487c0000 - 0x00007ffc487e7000 	C:\Windows\System32\win32u.dll
0x00007ffc49b10000 - 0x00007ffc49bb9000 	C:\Windows\System32\msvcrt.dll
0x00007ffc4a8e0000 - 0x00007ffc4a90b000 	C:\Windows\System32\GDI32.dll
0x00007ffc47e70000 - 0x00007ffc47f9c000 	C:\Windows\System32\gdi32full.dll
0x00007ffc48260000 - 0x00007ffc48303000 	C:\Windows\System32\msvcp_win.dll
0x00007ffc4a8a0000 - 0x00007ffc4a8d1000 	C:\Windows\System32\IMM32.DLL
0x00007ffc32730000 - 0x00007ffc3273c000 	C:\Program Files\Java\jdk-24\bin\vcruntime140_1.dll
0x00007ffbd27d0000 - 0x00007ffbd285e000 	C:\Program Files\Java\jdk-24\bin\msvcp140.dll
0x00007ffb7faf0000 - 0x00007ffb80891000 	C:\Program Files\Java\jdk-24\bin\server\jvm.dll
0x00007ffc49a50000 - 0x00007ffc49b04000 	C:\Windows\System32\ADVAPI32.dll
0x00007ffc48f50000 - 0x00007ffc48ff6000 	C:\Windows\System32\sechost.dll
0x00007ffc4ab30000 - 0x00007ffc4ac48000 	C:\Windows\System32\RPCRT4.dll
0x00007ffc49460000 - 0x00007ffc494d4000 	C:\Windows\System32\WS2_32.dll
0x00007ffc47cf0000 - 0x00007ffc47d4e000 	C:\Windows\SYSTEM32\POWRPROF.dll
0x00007ffc3bd60000 - 0x00007ffc3bd95000 	C:\Windows\SYSTEM32\WINMM.dll
0x00007ffc3c580000 - 0x00007ffc3c58b000 	C:\Windows\SYSTEM32\VERSION.dll
0x00007ffc47cd0000 - 0x00007ffc47ce4000 	C:\Windows\SYSTEM32\UMPDC.dll
0x00007ffc46be0000 - 0x00007ffc46bfb000 	C:\Windows\SYSTEM32\kernel.appcore.dll
0x00007ffc2e6d0000 - 0x00007ffc2e6da000 	C:\Program Files\Java\jdk-24\bin\jimage.dll
0x00007ffc3fa30000 - 0x00007ffc3fc72000 	C:\Windows\SYSTEM32\DBGHELP.DLL
0x00007ffc496b0000 - 0x00007ffc49a35000 	C:\Windows\System32\combase.dll
0x00007ffc4a550000 - 0x00007ffc4a626000 	C:\Windows\System32\OLEAUT32.dll
0x00007ffc352f0000 - 0x00007ffc3532c000 	C:\Windows\SYSTEM32\dbgcore.DLL
0x00007ffc48710000 - 0x00007ffc487b5000 	C:\Windows\System32\bcryptPrimitives.dll
0x00007ffc36040000 - 0x00007ffc3604f000 	C:\Program Files\Java\jdk-24\bin\instrument.dll
0x00007ffc2de30000 - 0x00007ffc2de4e000 	C:\Program Files\Java\jdk-24\bin\java.dll
0x00007ffc49070000 - 0x00007ffc49207000 	C:\Windows\System32\ole32.dll
0x00007ffc49cf0000 - 0x00007ffc4a443000 	C:\Windows\System32\SHELL32.dll
0x00007ffc47fa0000 - 0x00007ffc4810a000 	C:\Windows\System32\wintypes.dll
0x00007ffc45a50000 - 0x00007ffc462ae000 	C:\Windows\SYSTEM32\windows.storage.dll
0x00007ffc4a450000 - 0x00007ffc4a545000 	C:\Windows\System32\SHCORE.dll
0x00007ffc49000000 - 0x00007ffc49066000 	C:\Windows\System32\shlwapi.dll
0x00007ffc47d90000 - 0x00007ffc47db9000 	C:\Windows\SYSTEM32\profapi.dll
0x00007ffc1b740000 - 0x00007ffc1b757000 	C:\Program Files\Java\jdk-24\bin\zip.dll
0x00007ffc2e630000 - 0x00007ffc2e640000 	C:\Program Files\Java\jdk-24\bin\net.dll
0x00007ffc47130000 - 0x00007ffc4719b000 	C:\Windows\system32\mswsock.dll
0x00007ffc1bbf0000 - 0x00007ffc1bc06000 	C:\Program Files\Java\jdk-24\bin\nio.dll
0x00007ffc2dc50000 - 0x00007ffc2dc59000 	C:\Program Files\Java\jdk-24\bin\extnet.dll
0x00007ffc46610000 - 0x00007ffc4673c000 	C:\Windows\SYSTEM32\DNSAPI.dll
0x00007ffc465d0000 - 0x00007ffc46604000 	C:\Windows\SYSTEM32\IPHLPAPI.DLL
0x00007ffc49310000 - 0x00007ffc4931a000 	C:\Windows\System32\NSI.dll
0x00007ffc408a0000 - 0x00007ffc408ab000 	C:\Windows\System32\rasadhlp.dll
0x00007ffc41660000 - 0x00007ffc416e6000 	C:\Windows\System32\fwpuclnt.dll
0x00007ffc34a60000 - 0x00007ffc34a6a000 	C:\Program Files\Java\jdk-24\bin\management.dll
0x00007ffc34a50000 - 0x00007ffc34a5b000 	C:\Program Files\Java\jdk-24\bin\management_ext.dll
0x00007ffc49a40000 - 0x00007ffc49a48000 	C:\Windows\System32\PSAPI.DLL
0x00007ffc47520000 - 0x00007ffc4753b000 	C:\Windows\SYSTEM32\CRYPTSP.dll
0x00007ffc46b40000 - 0x00007ffc46b7a000 	C:\Windows\system32\rsaenh.dll
0x00007ffc471e0000 - 0x00007ffc4720b000 	C:\Windows\SYSTEM32\USERENV.dll
0x00007ffc47d60000 - 0x00007ffc47d8a000 	C:\Windows\SYSTEM32\bcrypt.dll
0x00007ffc47380000 - 0x00007ffc4738c000 	C:\Windows\SYSTEM32\CRYPTBASE.dll
0x00007ffc302c0000 - 0x00007ffc302d8000 	C:\Windows\system32\napinsp.dll
0x00007ffc2bb10000 - 0x00007ffc2bb22000 	C:\Windows\System32\winrnr.dll
0x00007ffbde9f0000 - 0x00007ffbdea12000 	C:\Windows\system32\nlansp_c.dll
0x00007ffc34d00000 - 0x00007ffc34d16000 	C:\Windows\system32\wshbth.dll
0x00007ffc36030000 - 0x00007ffc3603e000 	C:\Program Files\Java\jdk-24\bin\sunmscapi.dll
0x00007ffc487f0000 - 0x00007ffc48967000 	C:\Windows\System32\CRYPT32.dll
0x00007ffc47670000 - 0x00007ffc476a0000 	C:\Windows\SYSTEM32\ncrypt.dll
0x00007ffc47620000 - 0x00007ffc4765f000 	C:\Windows\SYSTEM32\NTASN1.dll
0x00007ffb692c0000 - 0x00007ffb692c8000 	C:\Windows\system32\wshunix.dll

JVMTI agents:
D:\IntelliJ IDEA 2025.2.1\lib\idea_rt.jar path:C:\Program Files\Java\jdk-24\bin\instrument.dll, loaded, initialized, instrumentlib options:55373

dbghelp: loaded successfully - version: 4.0.5 - missing functions: none
symbol engine: initialized successfully - sym options: 0x614 - pdb path: .;C:\Program Files\Java\jdk-24\bin;C:\Windows\SYSTEM32;C:\Windows\WinSxS\amd64_microsoft.windows.common-controls_6595b64144ccf1df_6.0.26100.7309_none_3e05feeae336a044;C:\Program Files\Java\jdk-24\bin\server

VM Arguments:
jvm_args: -XX:TieredStopAtLevel=1 -Dspring.output.ansi.enabled=always -Dcom.sun.management.jmxremote -Dspring.jmx.enabled=true -Dspring.liveBeansView.mbeanDomain -Dspring.application.admin.enabled=true -Dmanagement.endpoints.jmx.exposure.include=* -javaagent:D:\IntelliJ IDEA 2025.2.1\lib\idea_rt.jar=55373 -Dfile.encoding=UTF-8 -Dsun.stdout.encoding=UTF-8 -Dsun.stderr.encoding=UTF-8 
java_command: com.pedidos.fer.demo.PedidosApplication
java_class_path (initial): C:\Users\javie\Downloads\intentos\pedidos\demo\target\classes;C:\Users\javie\.m2\repository\org\springframework\boot\spring-boot-h2console\4.0.1\spring-boot-h2console-4.0.1.jar;C:\Users\javie\.m2\repository\org\springframework\boot\spring-boot\4.0.1\spring-boot-4.0.1.jar;C:\Users\javie\.m2\repository\org\springframework\spring-core\7.0.2\spring-core-7.0.2.jar;C:\Users\javie\.m2\repository\commons-logging\commons-logging\1.3.5\commons-logging-1.3.5.jar;C:\Users\javie\.m2\repository\org\jspecify\jspecify\1.0.0\jspecify-1.0.0.jar;C:\Users\javie\.m2\repository\org\springframework\spring-context\7.0.2\spring-context-7.0.2.jar;C:\Users\javie\.m2\repository\org\springframework\spring-aop\7.0.2\spring-aop-7.0.2.jar;C:\Users\javie\.m2\repository\org\springframework\spring-beans\7.0.2\spring-beans-7.0.2.jar;C:\Users\javie\.m2\repository\org\springframework\spring-expression\7.0.2\spring-expression-7.0.2.jar;C:\Users\javie\.m2\repository\io\micrometer\micrometer-observation\1.16.1\micrometer-observation-1.16.1.jar;C:\Users\javie\.m2\repository\io\micrometer\micrometer-commons\1.16.1\micrometer-commons-1.16.1.jar;C:\Users\javie\.m2\repository\jakarta\servlet\jakarta.servlet-api\6.1.0\jakarta.servlet-api-6.1.0.jar;C:\Users\javie\.m2\repository\org\springframework\boot\spring-boot-starter-data-jpa\4.0.1\spring-boot-starter-data-jpa-4.0.1.jar;C:\Users\javie\.m2\repository\org\springframework\boot\spring-boot-starter\4.0.1\spring-boot-starter-4.0.1.jar;C:\Users\javie\.m2\repository\org\springframework\boot\spring-boot-starter-logging\4.0.1\spring-boot-starter-logging-4.0.1.jar;C:\Users\javie\.m2\repository\ch\qos\logback\logback-classic\1.5.22\logback-classic-1.5.22.jar;C:\Users\javie\.m2\repository\ch\qos\logback\logback-core\1.5.22\logback-core-1.5.22.jar;C:\Users\javie\.m2\repository\org\apache\logging\log4j\log4j-to-slf4j\2.25.3\log4j-to-slf4j-2.25.3.jar;C:\Users\javie\.m2\repository\org\apache\logging\log4j\log4j-api\2.25.3\log4j-api-2.25.3.jar;C:\Users\javie\.m2\repository\org\slf4j\jul-to-slf4j\2.0.17\jul-to-slf4j-2.0.17.jar;C:\Users\javie\.m2\repository\org\springframework\boot\spring-boot-autoconfigure\4.0.1\spring-boot-autoconfigure-4.0.1.jar;C:\Users\javie\.m2\repository\jakarta\annotation\jakarta.annotation-api\3.0.0\jakarta.annotation-api-3.0.0.jar;C:\Users\javie\.m2\repository\org\yaml\snakeyaml\2.5\snakeyaml-2.5.jar;C:\Users\javie\.m2\repository\org\springframework\boot\spring-boot-starter-jdbc\4.0.1\spring-boot-starter-jdbc-4.0.1.jar;C:\Users\javie\.m2\repository\com\zaxxer\HikariCP\7.0.2\HikariCP-7.0.2.jar;C:\Users\javie\.m2\repository\org\slf4j\slf4j-api\2.0.17\slf4j-api-2.0.17.jar;C:\Users\javie\.m2\repository\org\springframework\boot\spring-boot-data-jpa\4.0.1\spring-boot-data-jpa-4.0.1.jar;C:\Users\javie\.m2\repository\org\springframework\boot\spring-boot-data-commons\4.0.1\spring-boot-data-commons-4.0.1.jar;C:\Users\javie\.m2\repository\org\springframework\boot\spring-boot-persistence\4.0.1\spring-boot-persistence-4.0.1.jar;C:\Users\javie\.m2\repository\org\springframework\data\spring-data-commons\4.0.1\spring-data-commons-4.0.1.jar;C:\Users\javie\.m2\repository\org\springframework\boot\spring-boot-hibernate\4.0.1\spring-boot-hibernate-4.0.1.jar;C:\Users\javie\.m2\repository\org\springframework\boot\spring-boot-jpa\4.0.1\spring-boot-jpa-4.0.1.jar;C:\Users\javie\.m2\repository\jakarta\persistence\jakarta.persistence-api\3.2.0\jakarta.persistence-api-3.2.0.jar;C:\Users\javie\.m2\repository\org\hibernate\orm\hibernate-core\7.2.0.Final\hibernate-core-7.2.0.Final.jar;C:\Users\javie\.m2\repository\jakarta\transaction\jakarta.transaction-api\2.0.1\jakarta.transaction-api-2.0.1.jar;C:\Users\javie\.m2\repository\org\hibernate\models\hibernate-models\1.0.1\hibernate-models-1.0.1.jar;C:\Users\javie\.m2\repository\org\glassfish\jaxb\jaxb-runtime\4.0.6\jaxb-runtime-4.0.6.jar;C:\Users\javie\.m2\repository\org\glassfish\jaxb\jaxb-core\4.0.6\jaxb-core-4.0.6.jar;C:\Users\javie\.m2\repository\org\eclipse\angus\angus-activation\2.0.3\angus-activation-2.0.3.jar;C:\Users\javie\.m2\repository\org\glassfish\jaxb\txw2\4.0.6\txw2-4.0.6.jar;C:\Users\javie\.m2\repository\com\sun\istack\istack-commons-runtime\4.1.2\istack-commons-runtime-4.1.2.jar;C:\Users\javie\.m2\repository\jakarta\inject\jakarta.inject-api\2.0.1\jakarta.inject-api-2.0.1.jar;C:\Users\javie\.m2\repository\org\springframework\spring-orm\7.0.2\spring-orm-7.0.2.jar;C:\Users\javie\.m2\repository\org\springframework\data\spring-data-jpa\4.0.1\spring-data-jpa-4.0.1.jar;C:\Users\javie\.m2\repository\org\springframework\spring-tx\7.0.2\spring-tx-7.0.2.jar;C:\Users\javie\.m2\repository\org\antlr\antlr4-runtime\4.13.2\antlr4-runtime-4.13.2.jar;C:\Users\javie\.m2\repository\org\springframework\spring-aspects\7.0.2\spring-aspects-7.0.2.jar;C:\Users\javie\.m2\repository\org\aspectj\aspectjweaver\1.9.25.1\aspectjweaver-1.9.25.1.jar;C:\Users\javie\.m2\repository\org\springframework\boot\spring-boot-jdbc\4.0.1\spring-boot-jdbc-4.0.1.jar;C:\Users\javie\.m2\repository\org\springframework\boot\spring-boot-sql\4.0.1\spring-boot-sql-4.0.1.jar;C:\Users\javie\.m2\repository\org\springframework\boot\spring-boot-transaction\4.0.1\spring-boot-transaction-4.0.1.jar;C:\Users\javie\.m2\repository\org\springframework\spring-jdbc\7.0.2\spring-jdbc-7.0.2.jar;C:\Users\javie\.m2\repository\org\springframework\boot\spring-boot-starter-validation\4.0.1\spring-boot-starter-validation-4.0.1.jar;C:\Users\javie\.m2\repository\org\springframework\boot\spring-boot-validation\4.0.1\spring-boot-validation-4.0.1.jar;C:\Users\javie\.m2\repository\org\apache\tomcat\embed\tomcat-embed-el\11.0.15\tomcat-embed-el-11.0.15.jar;C:\Users\javie\.m2\repository\org\hibernate\validator\hibernate-validator\9.0.1.Final\hibernate-validator-9.0.1.Final.jar;C:\Users\javie\.m2\repository\jakarta\validation\jakarta.validation-api\3.1.1\jakarta.validation-api-3.1.1.jar;C:\Users\javie\.m2\repository\org\jboss\logging\jboss-logging\3.6.1.Final\jboss-logging-3.6.1.Final.jar;C:\Users\javie\.m2\repository\com\fasterxml\classmate\1.7.1\classmate-1.7.1.jar;C:\Users\javie\.m2\repository\org\springframework\boot\spring-boot-starter-webmvc\4.0.1\spring-boot-starter-webmvc-4.0.1.jar;C:\Users\javie\.m2\repository\org\springframework\boot\spring-boot-starter-jackson\4.0.1\spring-boot-starter-jackson-4.0.1.jar;C:\Users\javie\.m2\repository\org\springframework\boot\spring-boot-jackson\4.0.1\spring-boot-jackson-4.0.1.jar;C:\Users\javie\.m2\repository\tools\jackson\core\jackson-databind\3.0.3\jackson-databind-3.0.3.jar;C:\Users\javie\.m2\repository\com\fasterxml\jackson\core\jackson-annotations\2.20\jackson-annotations-2.20.jar;C:\Users\javie\.m2\repository\tools\jackson\core\jackson-core\3.0.3\jackson-core-3.0.3.jar;C:\Users\javie\.m2\repository\org\springframework\boot\spring-boot-starter-tomcat\4.0.1\spring-boot-starter-tomcat-4.0.1.jar;C:\Users\javie\.m2\repository\org\springframework\boot\spring-boot-starter-tomcat-runtime\4.0.1\spring-boot-starter-tomcat-runtime-4.0.1.jar;C:\Users\javie\.m2\repository\org\apache\tomcat\embed\tomcat-embed-core\11.0.15\tomcat-embed-core-11.0.15.jar;C:\Users\javie\.m2\repository\org\apache\tomcat\embed\tomcat-embed-websocket\11.0.15\tomcat-embed-websocket-11.0.15.jar;C:\Users\javie\.m2\repository\org\springframework\boot\spring-boot-tomcat\4.0.1\spring-boot-tomcat-4.0.1.jar;C:\Users\javie\.m2\repository\org\springframework\boot\spring-boot-http-converter\4.0.1\spring-boot-http-converter-4.0.1.jar;C:\Users\javie\.m2\repository\org\springframework\spring-web\7.0.2\spring-web-7.0.2.jar;C:\Users\javie\.m2\repository\org\springframework\boot\spring-boot-webmvc\4.0.1\spring-boot-webmvc-4.0.1.jar;C:\Users\javie\.m2\repository\org\springframework\boot\spring-boot-servlet\4.0.1\spring-boot-servlet-4.0.1.jar;C:\Users\javie\.m2\repository\org\springframework\spring-webmvc\7.0.2\spring-webmvc-7.0.2.jar;C:\Users\javie\.m2\repository\com\h2database\h2\2.4.240\h2-2.4.240.jar;C:\Users\javie\.m2\repository\org\projectlombok\lombok\1.18.42\lombok-1.18.42.jar;C:\Users\javie\.m2\repository\jakarta\xml\bind\jakarta.xml.bind-api\4.0.4\jakarta.xml.bind-api-4.0.4.jar;C:\Users\javie\.m2\repository\jakarta\activation\jakarta.activation-api\2.1.4\jakarta.activation-api-2.1.4.jar;C:\Users\javie\.m2\repository\net\bytebuddy\byte-buddy\1.17.8\byte-buddy-1.17.8.jar;C:\Users\javie\.m2\repository\org\springframework\boot\spring-boot-web-server\4.0.1\spring-boot-web-server-4.0.1.jar
Launcher Type: SUN_STANDARD

[Global flags]
     intx CICompilerCount                          = 12                                        {product} {ergonomic}
     uint ConcGCThreads                            = 3                                         {product} {ergonomic}
     uint G1ConcRefinementThreads                  = 13                                        {product} {ergonomic}
   size_t G1HeapRegionSize                         = 2097152                                   {product} {ergonomic}
   size_t InitialHeapSize                          = 268435456                                 {product} {ergonomic}
     bool ManagementServer                         = true                                      {product} {command line}
   size_t MarkStackSize                            = 4194304                                   {product} {ergonomic}
   size_t MarkStackSizeMax                         = 536870912                                 {product} {ergonomic}
   size_t MaxHeapSize                              = 4276092928                                {product} {ergonomic}
   size_t MaxNewSize                               = 2564816896                                {product} {ergonomic}
   size_t MinHeapDeltaBytes                        = 2097152                                   {product} {ergonomic}
   size_t MinHeapSize                              = 8388608                                   {product} {ergonomic}
    uintx NonNMethodCodeHeapSize                   = 4096                                   {pd product} {ergonomic}
    uintx NonProfiledCodeHeapSize                  = 0                                      {pd product} {ergonomic}
     bool ProfileInterpreter                       = false                                  {pd product} {command line}
    uintx ProfiledCodeHeapSize                     = 0                                      {pd product} {ergonomic}
   size_t SoftMaxHeapSize                          = 4276092928                             {manageable} {ergonomic}
     intx TieredStopAtLevel                        = 1                                         {product} {command line}
     bool UseCompressedOops                        = true                           {product lp64_product} {ergonomic}
     bool UseG1GC                                  = true                                      {product} {ergonomic}
     bool UseLargePagesIndividualAllocation        = false                                  {pd product} {ergonomic}

Logging:
Log output configuration:
 #0: stdout all=warning uptime,level,tags foldmultilines=false
 #1: stderr all=off uptime,level,tags foldmultilines=false

Environment Variables:
JAVA_HOME=C:\Program Files\Java\jdk-24
PATH=C:\Program Files\Common Files\Oracle\Java\javapath;C:\Program Files (x86)\Common Files\Oracle\Java\javapath;C:\Python313\Scripts\;C:\Python313\;C:\Windows\system32;C:\Windows;C:\Windows\System32\Wbem;C:\Windows\System32\WindowsPowerShell\v1.0\;C:\Windows\System32\OpenSSH\;D:\nodejs\;C:\ProgramData\chocolatey\bin;C:\Program Files (x86)\Microsoft SQL Server\160\Tools\Binn\;C:\Program Files\Microsoft SQL Server\160\Tools\Binn\;C:\Program Files\Microsoft SQL Server\Client SDK\ODBC\170\Tools\Binn\;C:\Program Files\Microsoft SQL Server\160\DTS\Binn\;C:\Users\javie\Documents\apache-maven-3.9.11\bin;C:\Program Files\Java\jdk-24\bin;C:\Program Files\Git\cmd;C:\Program Files\Docker\Docker\resources\bin;C:\Users\javie\AppData\Local\Microsoft\WindowsApps;C:\Users\javie\AppData\Roaming\npm;C:\Program Files\Java\jdk-24\bin;C:\Users\javie\AppData\Local\GitHubDesktop\bin;C:\Users\javie\AppData\Local\Programs\Microsoft VS Code\bin
USERNAME=javie
OS=Windows_NT
PROCESSOR_IDENTIFIER=AMD64 Family 25 Model 33 Stepping 2, AuthenticAMD
TMP=C:\Users\javie\AppData\Local\Temp
TEMP=C:\Users\javie\AppData\Local\Temp




Periodic native trim disabled

---------------  S Y S T E M  ---------------

OS:
 Windows 11 , 64 bit Build 26100 (10.0.26100.7309)
OS uptime: 11 days 1:37 hours
Hyper-V role detected

CPU: total 16 (initial active 16) (16 cores per cpu, 2 threads per core) family 25 model 33 stepping 2 microcode 0xa201205, cx8, cmov, fxsr, ht, mmx, 3dnowpref, sse, sse2, sse3, ssse3, sse4a, sse4.1, sse4.2, popcnt, lzcnt, tsc, tscinvbit, avx, avx2, aes, clmul, bmi1, bmi2, adx, sha, fma, vzeroupper, clflush, clflushopt, hv, rdtscp, rdpid, f16c, cet_ss
Processor Information for the first 16 processors :
  Max Mhz: 3401, Current Mhz: 3401, Mhz Limit: 3401

Memory: 4k page, system-wide physical 16309M (3026M free)
TotalPageFile size 35765M (AvailPageFile size 11116M)
current process WorkingSet (physical memory assigned to process): 50M, peak: 224M
current process commit charge ("private bytes"): 274M, peak: 387M

vm_info: Java HotSpot(TM) 64-Bit Server VM (24.0.2+12-54) for windows-amd64 JRE (24.0.2+12-54), built on 2025-07-08T12:10:27Z with MS VC++ 17.6 (VS2022)

END.
